Build started 10/18/2015 8:07:28 PM.
     1>Project "H:\software projects\Time Manager\mahmoud\mahmoud.vcxproj" on node 2 (build target(s)).
     1>InitializeBuildStatus:
         Creating "Debug\mahmoud.unsuccessfulbuild" because "AlwaysCreate" was specified.
       ClCompile:
         C:\Program Files (x86)\Microsoft Visual Studio 10.0\VC\bin\CL.exe /c /AI"C:\Program Files (x86)\Reference Assemblies\Microsoft\Framework\.NETFramework\v4.0" /Zi /clr:pure /nologo /W3 /WX- /Od /Oy- /D WIN32 /D _DEBUG /D _UNICODE /D UNICODE /EHa /MDd /GS /fp:precise /Zc:wchar_t /Zc:forScope /Yc"StdAfx.h" /Fp"Debug\mahmoud.pch" /Fo"Debug\\" /Fd"Debug\vc100.pdb" /TP /FU"C:\Program Files (x86)\Reference Assemblies\Microsoft\Framework\.NETFramework\v4.0\System.Core.dll" /FU"C:\Program Files (x86)\Reference Assemblies\Microsoft\Framework\.NETFramework\v4.0\System.Data.dll" /FU"C:\Program Files (x86)\Reference Assemblies\Microsoft\Framework\.NETFramework\v4.0\System.dll" /FU"C:\Program Files (x86)\Reference Assemblies\Microsoft\Framework\.NETFramework\v4.0\System.Drawing.dll" /FU"C:\Program Files (x86)\Reference Assemblies\Microsoft\Framework\.NETFramework\v4.0\System.Windows.Forms.dll" /FU"C:\Program Files (x86)\Reference Assemblies\Microsoft\Framework\.NETFramework\v4.0\System.Xml.dll" /analyze- /errorReport:prompt stdafx.cpp /clr:nostdlib 
         stdafx.cpp
         C:\Program Files (x86)\Microsoft Visual Studio 10.0\VC\bin\CL.exe /c /AI"C:\Program Files (x86)\Reference Assemblies\Microsoft\Framework\.NETFramework\v4.0" /Zi /clr:pure /nologo /W3 /WX- /Od /Oy- /D WIN32 /D _DEBUG /D _UNICODE /D UNICODE /EHa /MDd /GS /fp:precise /Zc:wchar_t /Zc:forScope /Yu"StdAfx.h" /Fp"Debug\mahmoud.pch" /Fo"Debug\\" /Fd"Debug\vc100.pdb" /TP /FU"C:\Program Files (x86)\Reference Assemblies\Microsoft\Framework\.NETFramework\v4.0\System.Core.dll" /FU"C:\Program Files (x86)\Reference Assemblies\Microsoft\Framework\.NETFramework\v4.0\System.Data.dll" /FU"C:\Program Files (x86)\Reference Assemblies\Microsoft\Framework\.NETFramework\v4.0\System.dll" /FU"C:\Program Files (x86)\Reference Assemblies\Microsoft\Framework\.NETFramework\v4.0\System.Drawing.dll" /FU"C:\Program Files (x86)\Reference Assemblies\Microsoft\Framework\.NETFramework\v4.0\System.Windows.Forms.dll" /FU"C:\Program Files (x86)\Reference Assemblies\Microsoft\Framework\.NETFramework\v4.0\System.Xml.dll" /analyze- /errorReport:prompt AssemblyInfo.cpp head.cpp mahmoud.cpp /clr:nostdlib 
         AssemblyInfo.cpp
         head.cpp
     1>head.cpp(9): warning C4129: '=' : unrecognized character escape sequence
     1>head.cpp(40): warning C4305: 'argument' : truncation from 'int' to 'char'
     1>head.cpp(40): warning C4309: 'argument' : truncation of constant value
         mahmoud.cpp
     1>h:\software projects\time manager\mahmoud\Form1.h(395): warning C4996: 'localtime': This function or variable may be unsafe. Consider using localtime_s instead. To disable deprecation, use _CRT_SECURE_NO_WARNINGS. See online help for details.
                 C:\Program Files (x86)\Microsoft Visual Studio 10.0\VC\include\time.inl(112) : see declaration of 'localtime'
     1>h:\software projects\time manager\mahmoud\Form1.h(403): warning C4996: 'localtime': This function or variable may be unsafe. Consider using localtime_s instead. To disable deprecation, use _CRT_SECURE_NO_WARNINGS. See online help for details.
                 C:\Program Files (x86)\Microsoft Visual Studio 10.0\VC\include\time.inl(112) : see declaration of 'localtime'
     1>h:\software projects\time manager\mahmoud\Form1.h(409): warning C4996: 'itoa': The POSIX name for this item is deprecated. Instead, use the ISO C++ conformant name: _itoa. See online help for details.
                 C:\Program Files (x86)\Microsoft Visual Studio 10.0\VC\include\stdlib.h(867) : see declaration of 'itoa'
     1>h:\software projects\time manager\mahmoud\Form1.h(411): warning C4996: 'itoa': The POSIX name for this item is deprecated. Instead, use the ISO C++ conformant name: _itoa. See online help for details.
                 C:\Program Files (x86)\Microsoft Visual Studio 10.0\VC\include\stdlib.h(867) : see declaration of 'itoa'
     1>h:\software projects\time manager\mahmoud\Form1.h(415): warning C4996: 'itoa': The POSIX name for this item is deprecated. Instead, use the ISO C++ conformant name: _itoa. See online help for details.
                 C:\Program Files (x86)\Microsoft Visual Studio 10.0\VC\include\stdlib.h(867) : see declaration of 'itoa'
     1>h:\software projects\time manager\mahmoud\Form1.h(704): warning C4996: 'localtime': This function or variable may be unsafe. Consider using localtime_s instead. To disable deprecation, use _CRT_SECURE_NO_WARNINGS. See online help for details.
                 C:\Program Files (x86)\Microsoft Visual Studio 10.0\VC\include\time.inl(112) : see declaration of 'localtime'
     1>h:\software projects\time manager\mahmoud\Form1.h(706): warning C4258: 'u' : definition from the for loop is ignored; the definition from the enclosing scope is used
                 h:\software projects\time manager\mahmoud\Form1.h(442) : definition of 'u' ignored
                 h:\software projects\time manager\mahmoud\Form1.h(11) : definition of 'u' used
     1>h:\software projects\time manager\mahmoud\Form1.h(708): warning C4258: 'u' : definition from the for loop is ignored; the definition from the enclosing scope is used
                 h:\software projects\time manager\mahmoud\Form1.h(442) : definition of 'u' ignored
                 h:\software projects\time manager\mahmoud\Form1.h(11) : definition of 'u' used
     1>h:\software projects\time manager\mahmoud\Form1.h(709): warning C4258: 'u' : definition from the for loop is ignored; the definition from the enclosing scope is used
                 h:\software projects\time manager\mahmoud\Form1.h(442) : definition of 'u' ignored
                 h:\software projects\time manager\mahmoud\Form1.h(11) : definition of 'u' used
     1>h:\software projects\time manager\mahmoud\Form1.h(710): warning C4258: 'u' : definition from the for loop is ignored; the definition from the enclosing scope is used
                 h:\software projects\time manager\mahmoud\Form1.h(442) : definition of 'u' ignored
                 h:\software projects\time manager\mahmoud\Form1.h(11) : definition of 'u' used
     1>h:\software projects\time manager\mahmoud\Form1.h(712): warning C4258: 'u' : definition from the for loop is ignored; the definition from the enclosing scope is used
                 h:\software projects\time manager\mahmoud\Form1.h(442) : definition of 'u' ignored
                 h:\software projects\time manager\mahmoud\Form1.h(11) : definition of 'u' used
     1>h:\software projects\time manager\mahmoud\Form1.h(714): warning C4258: 'u' : definition from the for loop is ignored; the definition from the enclosing scope is used
                 h:\software projects\time manager\mahmoud\Form1.h(442) : definition of 'u' ignored
                 h:\software projects\time manager\mahmoud\Form1.h(11) : definition of 'u' used
     1>h:\software projects\time manager\mahmoud\Form1.h(716): warning C4258: 'u' : definition from the for loop is ignored; the definition from the enclosing scope is used
                 h:\software projects\time manager\mahmoud\Form1.h(442) : definition of 'u' ignored
                 h:\software projects\time manager\mahmoud\Form1.h(11) : definition of 'u' used
     1>h:\software projects\time manager\mahmoud\Form1.h(718): warning C4258: 'u' : definition from the for loop is ignored; the definition from the enclosing scope is used
                 h:\software projects\time manager\mahmoud\Form1.h(442) : definition of 'u' ignored
                 h:\software projects\time manager\mahmoud\Form1.h(11) : definition of 'u' used
     1>h:\software projects\time manager\mahmoud\Form1.h(720): warning C4258: 'u' : definition from the for loop is ignored; the definition from the enclosing scope is used
                 h:\software projects\time manager\mahmoud\Form1.h(442) : definition of 'u' ignored
                 h:\software projects\time manager\mahmoud\Form1.h(11) : definition of 'u' used
     1>h:\software projects\time manager\mahmoud\Form1.h(722): warning C4258: 'u' : definition from the for loop is ignored; the definition from the enclosing scope is used
                 h:\software projects\time manager\mahmoud\Form1.h(442) : definition of 'u' ignored
                 h:\software projects\time manager\mahmoud\Form1.h(11) : definition of 'u' used
     1>h:\software projects\time manager\mahmoud\Form1.h(727): warning C4258: 'u' : definition from the for loop is ignored; the definition from the enclosing scope is used
                 h:\software projects\time manager\mahmoud\Form1.h(442) : definition of 'u' ignored
                 h:\software projects\time manager\mahmoud\Form1.h(11) : definition of 'u' used
     1>h:\software projects\time manager\mahmoud\Form1.h(727): warning C4018: '<' : signed/unsigned mismatch
     1>h:\software projects\time manager\mahmoud\Form1.h(728): warning C4258: 'u' : definition from the for loop is ignored; the definition from the enclosing scope is used
                 h:\software projects\time manager\mahmoud\Form1.h(442) : definition of 'u' ignored
                 h:\software projects\time manager\mahmoud\Form1.h(11) : definition of 'u' used
     1>h:\software projects\time manager\mahmoud\Form1.h(729): warning C4258: 'u' : definition from the for loop is ignored; the definition from the enclosing scope is used
                 h:\software projects\time manager\mahmoud\Form1.h(442) : definition of 'u' ignored
                 h:\software projects\time manager\mahmoud\Form1.h(11) : definition of 'u' used
     1>h:\software projects\time manager\mahmoud\Form1.h(1368): warning C4305: 'argument' : truncation from 'int' to 'char'
     1>h:\software projects\time manager\mahmoud\Form1.h(1368): warning C4309: 'argument' : truncation of constant value
         Generating Code...
         C:\Program Files (x86)\Microsoft Visual Studio 10.0\VC\bin\CL.exe /c /Zi /clr:pure /nologo /W3 /WX- /Od /Oy- /D WIN32 /D _DEBUG /D _UNICODE /D UNICODE /EHa /MDd /GS /fp:precise /Zc:wchar_t /Zc:forScope /Fo"Debug\\" /Fd"Debug\vc100.pdb" /TP /analyze- /errorReport:prompt "C:\Users\DELL\AppData\Local\Temp\.NETFramework,Version=v4.0.AssemblyAttributes.cpp"
         .NETFramework,Version=v4.0.AssemblyAttributes.cpp
       CoreResGen:
         "C:\Program Files (x86)\Microsoft SDKs\Windows\v7.0A\bin\NETFX 4.0 Tools\resgen.exe" /useSourcePath /r:"C:\Program Files (x86)\Reference Assemblies\Microsoft\Framework\.NETFramework\v4.0\System.Core.dll" /r:"C:\Program Files (x86)\Reference Assemblies\Microsoft\Framework\.NETFramework\v4.0\System.Data.dll" /r:"C:\Program Files (x86)\Reference Assemblies\Microsoft\Framework\.NETFramework\v4.0\System.dll" /r:"C:\Program Files (x86)\Reference Assemblies\Microsoft\Framework\.NETFramework\v4.0\System.Drawing.dll" /r:"C:\Program Files (x86)\Reference Assemblies\Microsoft\Framework\.NETFramework\v4.0\System.Windows.Forms.dll" /r:"C:\Program Files (x86)\Reference Assemblies\Microsoft\Framework\.NETFramework\v4.0\System.Xml.dll" /compile Form1.resX,Debug\mahmoud.Form1.resources
         Processing resource file "Form1.resX" into "Debug\mahmoud.Form1.resources".
       ResourceCompile:
         C:\Program Files (x86)\Microsoft SDKs\Windows\v7.0A\bin\rc.exe /D _UNICODE /D UNICODE /l"0x0409" /nologo /fo"Debug\app.res" app.rc 
       Link:
         C:\Program Files (x86)\Microsoft Visual Studio 10.0\VC\bin\link.exe /ERRORREPORT:PROMPT /OUT:"H:\software projects\Time Manager\Debug\mahmoud.exe" /INCREMENTAL /NOLOGO /ASSEMBLYRESOURCE:Debug\mahmoud.Form1.resources /MANIFEST /ManifestFile:"Debug\mahmoud.exe.intermediate.manifest" /MANIFESTUAC:"level='asInvoker' uiAccess='false'" /DEBUG /PDB:"H:\software projects\Time Manager\Debug\mahmoud.pdb" /ASSEMBLYDEBUG /SUBSYSTEM:WINDOWS /TLBID:1 /ENTRY:"main" /DYNAMICBASE /FIXED:NO /NXCOMPAT /MACHINE:X86 Debug\app.res
         Debug\AssemblyInfo.obj
         Debug\head.obj
         Debug\mahmoud.obj
         Debug\stdafx.obj
         "Debug\.NETFramework,Version=v4.0.AssemblyAttributes.obj"
         mahmoud.vcxproj -> H:\software projects\Time Manager\Debug\mahmoud.exe
       Manifest:
         C:\Program Files (x86)\Microsoft SDKs\Windows\v7.0A\bin\mt.exe /nologo /verbose /outputresource:"H:\software projects\Time Manager\Debug\mahmoud.exe;#1" /manifest Debug\mahmoud.exe.intermediate.manifest
       FinalizeBuildStatus:
         Deleting file "Debug\mahmoud.unsuccessfulbuild".
         Touching "Debug\mahmoud.lastbuildstate".
     1>Done Building Project "H:\software projects\Time Manager\mahmoud\mahmoud.vcxproj" (build target(s)).

Build succeeded.

Time Elapsed 00:00:11.35
